[0.012s] Invoking command in '/home/enesb/ros2_ws/build/rviz_plugin_zed_od': CMAKE_PREFIX_PATH=/home/enesb/ros2_ws/install/zed_interfaces:/home/enesb/ros2_ws/install/zed_tutorial_video:/home/enesb/ros2_ws/install/zed_tutorial_pos_tracking:/home/enesb/ros2_ws/install/zed_tutorial_depth:/home/enesb/ros2_ws/install/zed_topic_benchmark:/home/enesb/ros2_ws/install/zed_topic_benchmark_component:/home/enesb/ros2_ws/install/zed_topic_benchmark_interfaces:/home/enesb/ros2_ws/install/my_robot_bringup:/home/enesb/ros2_ws/install/my_robot_interfaces:/home/enesb/ros2_ws/install/my_robot_description:/home/enesb/ros2_ws/install/my_cpp_pkg:/home/enesb/agv_ws/install/agv_test:/home/enesb/microros_ws/install/micro_ros_setup:/home/enesb/microros_ws/install/micro_ros_agent:/home/enesb/microros_ws/install/micro_ros_msgs:/home/enesb/ros2_ws/install/my_py_pkg:/opt/ros/humble LD_LIBRARY_PATH=/home/enesb/ros2_ws/install/zed_interfaces/lib:/home/enesb/ros2_ws/install/zed_topic_benchmark_component/lib:/home/enesb/ros2_ws/install/zed_topic_benchmark_interfaces/lib:/home/enesb/ros2_ws/install/my_robot_interfaces/lib:/home/enesb/microros_ws/install/micro_ros_agent/lib:/home/enesb/microros_ws/install/micro_ros_msgs/lib:/usr/lib/x86_64-linux-gnu/gazebo-11/plugins:/opt/ros/humble/opt/rviz_ogre_vendor/lib:/opt/ros/humble/lib/x86_64-linux-gnu:/opt/ros/humble/lib /usr/bin/cmake --build /home/enesb/ros2_ws/build/rviz_plugin_zed_od -- -j12 -l12
[0.052s] [ 20%] [34m[1mAutomatic MOC and UIC for target rviz_plugin_zed_od[0m
[0.069s] [ 20%] Built target rviz_plugin_zed_od_autogen
[0.082s] [35m[1mConsolidate compiler generated dependencies of target rviz_plugin_zed_od[0m
[0.101s] [ 40%] [32mBuilding CXX object CMakeFiles/rviz_plugin_zed_od.dir/src/plugin/src/zed_od_display.cpp.o[0m
[3.527s] [01m[K/home/enesb/ros2_ws/src/zed-ros2-examples/rviz-plugin-zed-od/src/plugin/src/zed_od_display.cpp:[m[K In member function â€˜[01m[Kvoid rviz_plugin_zed_od::displays::ZedOdDisplay::createOrUpdateObject(zed_interfaces::msg::Object&)[m[Kâ€™:
[3.527s] [01m[K/home/enesb/ros2_ws/src/zed-ros2-examples/rviz-plugin-zed-od/src/plugin/src/zed_od_display.cpp:129:20:[m[K [01;31m[Kerror: [m[Kâ€˜[01m[Kusing Object = struct zed_interfaces::msg::Object_<std::allocator<void> >[m[Kâ€™ {aka â€˜[01m[Kstruct zed_interfaces::msg::Object_<std::allocator<void> >[m[Kâ€™} has no member named â€˜[01m[Kinstance_id[m[Kâ€™
[3.527s]   129 |   int16_t id = obj.[01;31m[Kinstance_id[m[K;
[3.528s]       |                    [01;31m[K^~~~~~~~~~~[m[K
[5.731s] gmake[2]: *** [CMakeFiles/rviz_plugin_zed_od.dir/build.make:90: CMakeFiles/rviz_plugin_zed_od.dir/src/plugin/src/zed_od_display.cpp.o] Error 1
[5.731s] gmake[1]: *** [CMakeFiles/Makefile2:165: CMakeFiles/rviz_plugin_zed_od.dir/all] Error 2
[5.731s] gmake: *** [Makefile:146: all] Error 2
[5.734s] Invoked command in '/home/enesb/ros2_ws/build/rviz_plugin_zed_od' returned '2': CMAKE_PREFIX_PATH=/home/enesb/ros2_ws/install/zed_interfaces:/home/enesb/ros2_ws/install/zed_tutorial_video:/home/enesb/ros2_ws/install/zed_tutorial_pos_tracking:/home/enesb/ros2_ws/install/zed_tutorial_depth:/home/enesb/ros2_ws/install/zed_topic_benchmark:/home/enesb/ros2_ws/install/zed_topic_benchmark_component:/home/enesb/ros2_ws/install/zed_topic_benchmark_interfaces:/home/enesb/ros2_ws/install/my_robot_bringup:/home/enesb/ros2_ws/install/my_robot_interfaces:/home/enesb/ros2_ws/install/my_robot_description:/home/enesb/ros2_ws/install/my_cpp_pkg:/home/enesb/agv_ws/install/agv_test:/home/enesb/microros_ws/install/micro_ros_setup:/home/enesb/microros_ws/install/micro_ros_agent:/home/enesb/microros_ws/install/micro_ros_msgs:/home/enesb/ros2_ws/install/my_py_pkg:/opt/ros/humble LD_LIBRARY_PATH=/home/enesb/ros2_ws/install/zed_interfaces/lib:/home/enesb/ros2_ws/install/zed_topic_benchmark_component/lib:/home/enesb/ros2_ws/install/zed_topic_benchmark_interfaces/lib:/home/enesb/ros2_ws/install/my_robot_interfaces/lib:/home/enesb/microros_ws/install/micro_ros_agent/lib:/home/enesb/microros_ws/install/micro_ros_msgs/lib:/usr/lib/x86_64-linux-gnu/gazebo-11/plugins:/opt/ros/humble/opt/rviz_ogre_vendor/lib:/opt/ros/humble/lib/x86_64-linux-gnu:/opt/ros/humble/lib /usr/bin/cmake --build /home/enesb/ros2_ws/build/rviz_plugin_zed_od -- -j12 -l12
