[0.016s] Invoking command in '/home/enesb/ros2_ws/build/my_cpp_pkg': CMAKE_PREFIX_PATH=${CMAKE_PREFIX_PATH}:/home/enesb/ros2_ws/install/my_py_pkg:/opt/ros/humble /usr/bin/cmake --build /home/enesb/ros2_ws/build/my_cpp_pkg -- -j12 -l12
[0.032s] -- Found ament_cmake: 1.3.5 (/opt/ros/humble/share/ament_cmake/cmake)
[0.138s] -- Found rclcpp: 16.0.5 (/opt/ros/humble/share/rclcpp/cmake)
[0.160s] -- Found rosidl_generator_c: 3.1.5 (/opt/ros/humble/share/rosidl_generator_c/cmake)
[0.163s] -- Found rosidl_adapter: 3.1.5 (/opt/ros/humble/share/rosidl_adapter/cmake)
[0.167s] -- Found rosidl_generator_cpp: 3.1.5 (/opt/ros/humble/share/rosidl_generator_cpp/cmake)
[0.176s] -- Using all available rosidl_typesupport_c: rosidl_typesupport_fastrtps_c;rosidl_typesupport_introspection_c
[0.189s] -- Using all available rosidl_typesupport_cpp: rosidl_typesupport_fastrtps_cpp;rosidl_typesupport_introspection_cpp
[0.236s] -- Found rmw_implementation_cmake: 6.1.1 (/opt/ros/humble/share/rmw_implementation_cmake/cmake)
[0.237s] -- Found rmw_fastrtps_cpp: 6.2.3 (/opt/ros/humble/share/rmw_fastrtps_cpp/cmake)
[0.320s] -- Using RMW implementation 'rmw_fastrtps_cpp' as default
[0.453s] -- Found example_interfaces: 0.9.3 (/opt/ros/humble/share/example_interfaces/cmake)
[0.631s] -- Configuring done
[0.645s] -- Generating done
[0.646s] -- Build files have been written to: /home/enesb/ros2_ws/build/my_cpp_pkg
[0.666s] [35m[1mConsolidate compiler generated dependencies of target add_two_ints_server[0m
[0.667s] [35m[1mConsolidate compiler generated dependencies of target smartphone[0m
[0.667s] [35m[1mConsolidate compiler generated dependencies of target robot_news_station[0m
[0.674s] [ 16%] [32m[1mLinking CXX executable add_two_ints_server[0m
[0.679s] [ 83%] Built target smartphone
[0.679s] [ 83%] Built target robot_news_station
[0.730s] /usr/bin/ld: /usr/lib/gcc/x86_64-linux-gnu/11/../../../x86_64-linux-gnu/Scrt1.o: in function `_start':
[0.730s] (.text+0x1b): undefined reference to `main'
[0.732s] collect2: error: ld returned 1 exit status
[0.734s] gmake[2]: *** [CMakeFiles/add_two_ints_server.dir/build.make:175: add_two_ints_server] Error 1
[0.734s] gmake[1]: *** [CMakeFiles/Makefile2:193: CMakeFiles/add_two_ints_server.dir/all] Error 2
[0.734s] gmake: *** [Makefile:146: all] Error 2
[0.735s] Invoked command in '/home/enesb/ros2_ws/build/my_cpp_pkg' returned '2': CMAKE_PREFIX_PATH=${CMAKE_PREFIX_PATH}:/home/enesb/ros2_ws/install/my_py_pkg:/opt/ros/humble /usr/bin/cmake --build /home/enesb/ros2_ws/build/my_cpp_pkg -- -j12 -l12
